Scan run: 2025-08-24T14:34:24.172Z
Searched paths: C:\Work\Projects\ai-learning\app, C:\Work\Projects\ai-learning\components, C:\Work\Projects\ai-learning\modules, C:\Work\Projects\ai-learning\lib, C:\Work\Projects\ai-learning\services, C:\Work\Projects\ai-learning\pages, C:\Work\Projects\ai-learning\providers, C:\Work\Projects\ai-learning\scripts
Total selectors scanned: 48
Unused selectors: 27
---
UNUSED: .ai-border
UNUSED: .ai-card-hover
UNUSED: .ai-chip
UNUSED: .ai-divider
UNUSED: .ai-glow
UNUSED: .ai-ring-focus
UNUSED: .ai-surface
UNUSED: .animate-enter
UNUSED: .animate-slide-up
UNUSED: .btn-primary
UNUSED: .btn-secondary
UNUSED: .container-lg
UNUSED: .container-md
UNUSED: .container-sm
UNUSED: .container-xl
UNUSED: .course-header
UNUSED: .course-video-container
UNUSED: .elevated-card
UNUSED: .pip-active
UNUSED: .stack-lg
UNUSED: .stack-sm
UNUSED: .stack-xl
UNUSED: .stack-xs
UNUSED: .video-controls
UNUSED: .video-overlay-enter
UNUSED: .video-overlay-exit
UNUSED: .video-overlay-mobile
